<?xml version="1.0" encoding="UTF-8"?>
<!-- Generated by org.testng.reporters.JUnitReportReporter -->
<testsuite skipped="0" hostname="DESKTOP-2B7RC9U" name="TestNG.Drzava84" tests="1" failures="0" timestamp="2019-11-21T21:10:56 CET" time="9.175" errors="0">
  <testcase name="verifyNumberOfCountries" time="9.175" classname="TestNG.Drzava84"/>
</testsuite> <!-- TestNG.Drzava84 -->
