<?xml version="1.0" encoding="UTF-8"?>
<!-- Generated by org.testng.reporters.JUnitReportReporter -->
<testsuite skipped="0" hostname="DESKTOP-2B7RC9U" name="TestNG.domaci21nov" tests="1" failures="0" timestamp="2019-12-01T18:08:39 CET" time="28.314" errors="0">
  <testcase name="checkText" time="28.314" classname="TestNG.domaci21nov"/>
</testsuite> <!-- TestNG.domaci21nov -->
