<?xml version="1.0" encoding="UTF-8"?>
<!-- Generated by org.testng.reporters.JUnitReportReporter -->
<testsuite skipped="0" hostname="DESKTOP-2B7RC9U" name="Tests.TestLogin" tests="1" failures="0" timestamp="2019-12-13T17:47:12 CET" time="19.499" errors="0">
  <testcase name="loginTest" time="19.499" classname="Tests.TestLogin"/>
</testsuite> <!-- Tests.TestLogin -->
