<?xml version="1.0" encoding="UTF-8"?>
<!-- Generated by org.testng.reporters.JUnitReportReporter -->
<testsuite skipped="0" hostname="DESKTOP-2B7RC9U" name="Tests.TravelsCarsExtrasTest" tests="2" failures="0" timestamp="2019-12-13T17:50:33 CET" time="46.862" errors="0">
  <testcase name="loginTest" time="21.424" classname="Tests.TravelsCarsExtrasTest"/>
  <testcase name="extras" time="25.438" classname="Tests.TravelsCarsExtrasTest"/>
</testsuite> <!-- Tests.TravelsCarsExtrasTest -->
