<?xml version="1.0" encoding="UTF-8"?>
<!-- Generated by org.testng.reporters.JUnitReportReporter -->
<testsuite skipped="0" hostname="DESKTOP-2B7RC9U" name="TestNG.JuzneVesti" tests="2" failures="0" timestamp="2019-11-22T21:47:43 CET" time="30.299" errors="0">
  <testcase name="Test2" time="15.173" classname="TestNG.JuzneVesti"/>
  <testcase name="Test1" time="15.126" classname="TestNG.JuzneVesti"/>
</testsuite> <!-- TestNG.JuzneVesti -->
