<?xml version="1.0" encoding="UTF-8"?>
<!-- Generated by org.testng.reporters.JUnitReportReporter -->
<testsuite skipped="0" hostname="DESKTOP-2B7RC9U" name="Tests.TravelCustomerTest" tests="2" failures="0" timestamp="2019-12-13T17:49:05 CET" time="82.975" errors="0">
  <testcase name="loginTest" time="19.138" classname="Tests.TravelCustomerTest"/>
  <testcase name="extras" time="63.837" classname="Tests.TravelCustomerTest"/>
</testsuite> <!-- Tests.TravelCustomerTest -->
